This is pdfTeX, Version 3.14159265-2.6-1.40.19 (TeX Live 2019/dev/Debian) (preloaded format=pdflatex 2024.6.16)  16 NOV 2024 17:00
entering extended mode
 restricted \write18 enabled.
 %&-line parsing enabled.
**cp2425t.tex
(./cp2425t.tex
LaTeX2e <2018-12-01>
(/usr/share/texlive/texmf-dist/tex/latex/base/article.cls
Document Class: article 2018/09/03 v1.4i Standard LaTeX document class
(/usr/share/texlive/texmf-dist/tex/latex/base/fleqn.clo
File: fleqn.clo 2016/12/29 v1.2b Standard LaTeX option (flush left equations)
\mathindent=\dimen102
Applying: [2015/01/01] Make \[ robust on input line 50.
LaTeX Info: Redefining \[ on input line 51.
Already applied: [0000/00/00] Make \[ robust on input line 62.
Applying: [2015/01/01] Make \] robust on input line 74.
LaTeX Info: Redefining \] on input line 75.
Already applied: [0000/00/00] Make \] robust on input line 83.
)
(/usr/share/texlive/texmf-dist/tex/latex/base/size11.clo
File: size11.clo 2018/09/03 v1.4i Standard LaTeX file (size option)
)
\c@part=\count80
\c@section=\count81
\c@subsection=\count82
\c@subsubsection=\count83
\c@paragraph=\count84
\c@subparagraph=\count85
\c@figure=\count86
\c@table=\count87
\abovecaptionskip=\skip41
\belowcaptionskip=\skip42
\bibindent=\dimen103
) (./cp2425t.sty
(/usr/share/texlive/texmf-dist/tex/latex/base/inputenc.sty
Package: inputenc 2018/08/11 v1.3c Input encoding file
\inpenc@prehook=\toks14
\inpenc@posthook=\toks15
)
(/usr/share/texlive/texmf-dist/tex/latex/tools/tabularx.sty
Package: tabularx 2016/02/03 v2.11b `tabularx' package (DPC)

(/usr/share/texlive/texmf-dist/tex/latex/tools/array.sty
Package: array 2018/12/30 v2.4k Tabular extension package (FMi)
\col@sep=\dimen104
\ar@mcellbox=\box27
\extrarowheight=\dimen105
\NC@list=\toks16
\extratabsurround=\skip43
\backup@length=\skip44
\ar@cellbox=\box28
)
\TX@col@width=\dimen106
\TX@old@table=\dimen107
\TX@old@col=\dimen108
\TX@target=\dimen109
\TX@delta=\dimen110
\TX@cols=\count88
\TX@ftn=\toks17
)
(/usr/share/texlive/texmf-dist/tex/latex/hyperref/hyperref.sty
Package: hyperref 2018/11/30 v6.88e Hypertext links for LaTeX

(/usr/share/texlive/texmf-dist/tex/generic/oberdiek/hobsub-hyperref.sty
Package: hobsub-hyperref 2016/05/16 v1.14 Bundle oberdiek, subset hyperref (HO)


(/usr/share/texlive/texmf-dist/tex/generic/oberdiek/hobsub-generic.sty
Package: hobsub-generic 2016/05/16 v1.14 Bundle oberdiek, subset generic (HO)
Package: hobsub 2016/05/16 v1.14 Construct package bundles (HO)
Package: infwarerr 2016/05/16 v1.4 Providing info/warning/error messages (HO)
Package: ltxcmds 2016/05/16 v1.23 LaTeX kernel commands for general use (HO)
Package: ifluatex 2016/05/16 v1.4 Provides the ifluatex switch (HO)
Package ifluatex Info: LuaTeX not detected.
Package: ifvtex 2016/05/16 v1.6 Detect VTeX and its facilities (HO)
Package ifvtex Info: VTeX not detected.
Package: intcalc 2016/05/16 v1.2 Expandable calculations with integers (HO)
Package: ifpdf 2018/09/07 v3.3 Provides the ifpdf switch
Package: etexcmds 2016/05/16 v1.6 Avoid name clashes with e-TeX commands (HO)
Package: kvsetkeys 2016/05/16 v1.17 Key value parser (HO)
Package: kvdefinekeys 2016/05/16 v1.4 Define keys (HO)
Package: pdftexcmds 2018/09/10 v0.29 Utility functions of pdfTeX for LuaTeX (HO
)
Package pdftexcmds Info: LuaTeX not detected.
Package pdftexcmds Info: \pdf@primitive is available.
Package pdftexcmds Info: \pdf@ifprimitive is available.
Package pdftexcmds Info: \pdfdraftmode found.
Package: pdfescape 2016/05/16 v1.14 Implements pdfTeX's escape features (HO)
Package: bigintcalc 2016/05/16 v1.4 Expandable calculations on big integers (HO
)
Package: bitset 2016/05/16 v1.2 Handle bit-vector datatype (HO)
Package: uniquecounter 2016/05/16 v1.3 Provide unlimited unique counter (HO)
)
Package hobsub Info: Skipping package `hobsub' (already loaded).
Package: letltxmacro 2016/05/16 v1.5 Let assignment for LaTeX macros (HO)
Package: hopatch 2016/05/16 v1.3 Wrapper for package hooks (HO)
Package: xcolor-patch 2016/05/16 xcolor patch
Package: atveryend 2016/05/16 v1.9 Hooks at the very end of document (HO)
Package atveryend Info: \enddocument detected (standard20110627).
Package: atbegshi 2016/06/09 v1.18 At begin shipout hook (HO)
Package: refcount 2016/05/16 v3.5 Data extraction from label references (HO)
Package: hycolor 2016/05/16 v1.8 Color options for hyperref/bookmark (HO)
)
(/usr/share/texlive/texmf-dist/tex/latex/graphics/keyval.sty
Package: keyval 2014/10/28 v1.15 key=value parser (DPC)
\KV@toks@=\toks18
)
(/usr/share/texlive/texmf-dist/tex/generic/ifxetex/ifxetex.sty
Package: ifxetex 2010/09/12 v0.6 Provides ifxetex conditional
)
(/usr/share/texlive/texmf-dist/tex/latex/oberdiek/auxhook.sty
Package: auxhook 2016/05/16 v1.4 Hooks for auxiliary files (HO)
)
(/usr/share/texlive/texmf-dist/tex/latex/oberdiek/kvoptions.sty
Package: kvoptions 2016/05/16 v3.12 Key value format for package options (HO)
)
\@linkdim=\dimen111
\Hy@linkcounter=\count89
\Hy@pagecounter=\count90

(/usr/share/texlive/texmf-dist/tex/latex/hyperref/pd1enc.def
File: pd1enc.def 2018/11/30 v6.88e Hyperref: PDFDocEncoding definition (HO)
Now handling font encoding PD1 ...
... no UTF-8 mapping file for font encoding PD1
)
\Hy@SavedSpaceFactor=\count91

(/usr/share/texlive/texmf-dist/tex/latex/latexconfig/hyperref.cfg
File: hyperref.cfg 2002/06/06 v1.2 hyperref configuration of TeXLive
)
Package hyperref Info: Option `colorlinks' set `true' on input line 4393.
Package hyperref Info: Hyper figures OFF on input line 4519.
Package hyperref Info: Link nesting OFF on input line 4524.
Package hyperref Info: Hyper index ON on input line 4527.
Package hyperref Info: Plain pages OFF on input line 4534.
Package hyperref Info: Backreferencing OFF on input line 4539.
Package hyperref Info: Implicit mode ON; LaTeX internals redefined.
Package hyperref Info: Bookmarks ON on input line 4772.
\c@Hy@tempcnt=\count92

(/usr/share/texlive/texmf-dist/tex/latex/url/url.sty
\Urlmuskip=\muskip10
Package: url 2013/09/16  ver 3.4  Verb mode for urls, etc.
)
LaTeX Info: Redefining \url on input line 5125.
\XeTeXLinkMargin=\dimen112
\Fld@menulength=\count93
\Field@Width=\dimen113
\Fld@charsize=\dimen114
Package hyperref Info: Hyper figures OFF on input line 6380.
Package hyperref Info: Link nesting OFF on input line 6385.
Package hyperref Info: Hyper index ON on input line 6388.
Package hyperref Info: backreferencing OFF on input line 6395.
Package hyperref Info: Link coloring ON on input line 6398.
Package hyperref Info: Link coloring with OCG OFF on input line 6405.
Package hyperref Info: PDF/A mode OFF on input line 6410.
LaTeX Info: Redefining \ref on input line 6450.
LaTeX Info: Redefining \pageref on input line 6454.
\Hy@abspage=\count94
\c@Item=\count95
\c@Hfootnote=\count96
)
Package hyperref Info: Driver (autodetected): hpdftex.

(/usr/share/texlive/texmf-dist/tex/latex/hyperref/hpdftex.def
File: hpdftex.def 2018/11/30 v6.88e Hyperref driver for pdfTeX
\Fld@listcount=\count97
\c@bookmark@seq@number=\count98

(/usr/share/texlive/texmf-dist/tex/latex/oberdiek/rerunfilecheck.sty
Package: rerunfilecheck 2016/05/16 v1.8 Rerun checks for auxiliary files (HO)
Package uniquecounter Info: New unique counter `rerunfilecheck' on input line 2
82.
)
\Hy@SectionHShift=\skip45
)
(/usr/share/texlive/texmf-dist/tex/latex/graphics/graphicx.sty
Package: graphicx 2017/06/01 v1.1a Enhanced LaTeX Graphics (DPC,SPQR)

(/usr/share/texlive/texmf-dist/tex/latex/graphics/graphics.sty
Package: graphics 2017/06/25 v1.2c Standard LaTeX Graphics (DPC,SPQR)

(/usr/share/texlive/texmf-dist/tex/latex/graphics/trig.sty
Package: trig 2016/01/03 v1.10 sin cos tan (DPC)
)
(/usr/share/texlive/texmf-dist/tex/latex/graphics-cfg/graphics.cfg
File: graphics.cfg 2016/06/04 v1.11 sample graphics configuration
)
Package graphics Info: Driver file: pdftex.def on input line 99.

(/usr/share/texlive/texmf-dist/tex/latex/graphics-def/pdftex.def
File: pdftex.def 2018/01/08 v1.0l Graphics/color driver for pdftex
))
\Gin@req@height=\dimen115
\Gin@req@width=\dimen116
)
(/usr/share/texlive/texmf-dist/tex/latex/caption/subcaption.sty
Package: subcaption 2018/05/01 v1.1-162 Sub-captions (AR)

(/usr/share/texlive/texmf-dist/tex/latex/caption/caption.sty
Package: caption 2018/10/06 v3.3-154 Customizing captions (AR)

(/usr/share/texlive/texmf-dist/tex/latex/caption/caption3.sty
Package: caption3 2018/09/12 v1.8c caption3 kernel (AR)
Package caption3 Info: TeX engine: e-TeX on input line 64.
\captionmargin=\dimen117
\captionmargin@=\dimen118
\captionwidth=\dimen119
\caption@tempdima=\dimen120
\caption@indent=\dimen121
\caption@parindent=\dimen122
\caption@hangindent=\dimen123
)
\c@caption@flags=\count99
\c@ContinuedFloat=\count100
Package caption Info: hyperref package is loaded.
)
\c@subfigure=\count101
\c@subtable=\count102
)
(/usr/share/texlive/texmf-dist/tex/latex/adjustbox/adjustbox.sty
Package: adjustbox 2019/01/04 v1.2 Adjusting TeX boxes (trim, clip, ...)

(/usr/share/texlive/texmf-dist/tex/latex/xkeyval/xkeyval.sty
Package: xkeyval 2014/12/03 v2.7a package option processing (HA)

(/usr/share/texlive/texmf-dist/tex/generic/xkeyval/xkeyval.tex
(/usr/share/texlive/texmf-dist/tex/generic/xkeyval/xkvutils.tex
\XKV@toks=\toks19
\XKV@tempa@toks=\toks20
)
\XKV@depth=\count103
File: xkeyval.tex 2014/12/03 v2.7a key=value parser (HA)
))
(/usr/share/texlive/texmf-dist/tex/latex/adjustbox/adjcalc.sty
Package: adjcalc 2012/05/16 v1.1 Provides advanced setlength with multiple back
-ends (calc, etex, pgfmath)
)
(/usr/share/texlive/texmf-dist/tex/latex/adjustbox/trimclip.sty
Package: trimclip 2018/04/08 v1.1 Trim and clip general TeX material

(/usr/share/texlive/texmf-dist/tex/latex/collectbox/collectbox.sty
Package: collectbox 2012/05/17 v0.4b Collect macro arguments as boxes
\collectedbox=\box29
)
\tc@llx=\dimen124
\tc@lly=\dimen125
\tc@urx=\dimen126
\tc@ury=\dimen127
Package trimclip Info: Using driver 'tc-pdftex.def'.

(/usr/share/texlive/texmf-dist/tex/latex/adjustbox/tc-pdftex.def
File: tc-pdftex.def 2019/01/04 v2.2 Clipping driver for pdftex
))
\adjbox@Width=\dimen128
\adjbox@Height=\dimen129
\adjbox@Depth=\dimen130
\adjbox@Totalheight=\dimen131
\adjbox@pwidth=\dimen132
\adjbox@pheight=\dimen133
\adjbox@pdepth=\dimen134
\adjbox@ptotalheight=\dimen135

(/usr/share/texlive/texmf-dist/tex/latex/ifoddpage/ifoddpage.sty
Package: ifoddpage 2016/04/23 v1.1 Conditionals for odd/even page detection
\c@checkoddpage=\count104
)
(/usr/share/texlive/texmf-dist/tex/latex/varwidth/varwidth.sty
Package: varwidth 2009/03/30 ver 0.92;  Variable-width minipages
\@vwid@box=\box30
\sift@deathcycles=\count105
\@vwid@loff=\dimen136
\@vwid@roff=\dimen137
))
(/usr/share/texlive/texmf-dist/tex/latex/parskip/parskip.sty
Package: parskip 2019-01-16 v2.0c non-zero parskip adjustments

(/usr/share/texlive/texmf-dist/tex/latex/etoolbox/etoolbox.sty
Package: etoolbox 2018/08/19 v2.5f e-TeX tools for LaTeX (JAW)
\etb@tempcnta=\count106
))
(/usr/share/texlive/texmf-dist/tex/latex/geometry/geometry.sty
Package: geometry 2018/04/16 v5.8 Page Geometry
\Gm@cnth=\count107
\Gm@cntv=\count108
\c@Gm@tempcnt=\count109
\Gm@bindingoffset=\dimen138
\Gm@wd@mp=\dimen139
\Gm@odd@mp=\dimen140
\Gm@even@mp=\dimen141
\Gm@layoutwidth=\dimen142
\Gm@layoutheight=\dimen143
\Gm@layouthoffset=\dimen144
\Gm@layoutvoffset=\dimen145
\Gm@dimlist=\toks21
)
(/usr/share/texlive/texmf-dist/tex/latex/leading/leading.sty
Package: leading 2008/12/11 v0.3 Define leading length

(/usr/share/texlive/texmf-dist/tex/latex/tools/calc.sty
Package: calc 2017/05/25 v4.3 Infix arithmetic (KKT,FJ)
\calc@Acount=\count110
\calc@Bcount=\count111
\calc@Adimen=\dimen146
\calc@Bdimen=\dimen147
\calc@Askip=\skip46
\calc@Bskip=\skip47
LaTeX Info: Redefining \setlength on input line 80.
LaTeX Info: Redefining \addtolength on input line 81.
\calc@Ccount=\count112
\calc@Cskip=\skip48
))
(/usr/share/texlive/texmf-dist/tex/latex/outlines/outlines.sty
Package: outlines 2012/1/23 1.1 Ch. Pecheur

(/usr/share/texlive/texmf-dist/tex/latex/base/ifthen.sty
Package: ifthen 2014/09/29 v1.1c Standard LaTeX ifthen package (DPC)
))
(/usr/share/texlive/texmf-dist/tex/latex/titling/titling.sty
Package: titling 2009/09/04 v2.1d maketitle typesetting
\thanksmarkwidth=\skip49
\thanksmargin=\skip50
\droptitle=\skip51
)
(/usr/share/texlive/texmf-dist/tex/latex/base/fontenc.sty
Package: fontenc 2018/08/11 v2.0j Standard LaTeX package

(/usr/share/texlive/texmf-dist/tex/latex/base/t1enc.def
File: t1enc.def 2018/08/11 v2.0j Standard LaTeX file
LaTeX Font Info:    Redeclaring font encoding T1 on input line 48.
))
(/usr/share/texlive/texmf-dist/tex/latex/paratype/paratype.sty
Package: paratype 2012/01/24 Style file for package paratype.

(/usr/share/texlive/texmf-dist/tex/latex/paratype/PTSans.sty
Package: PTSans 2011/02/09 Style file for PTSans.
)
(/usr/share/texlive/texmf-dist/tex/latex/paratype/PTSerif.sty
Package: PTSerif 2011/02/10 Style file for PTSerif.
)
(/usr/share/texlive/texmf-dist/tex/latex/paratype/PTMono.sty
Package: PTMono 2012/01/24 Style file for PTMono.
))
(/usr/share/texlive/texmf-dist/tex/latex/mathastext/mathastext.sty
Package: mathastext 2018/08/22 v1.3t Use the text font in math mode (JFB)
\mst@exists@muskip=\muskip11
\mst@forall@muskip=\muskip12
\mst@prime@muskip=\muskip13
\mst@do@nonletters=\toks22
\mst@do@easynonletters=\toks23
\mst@do@az=\toks24
\mst@do@AZ=\toks25
\symmtoperatorfont=\mathgroup4
\symmtletterfont=\mathgroup5
LaTeX Font Info:    Overwriting math alphabet `\mathnormalbold' in version `nor
mal'
(Font)                  T1/PTSerif-TLF/bx/it --> T1/PTSerif-TLF/bx/it on input 
line 1125.
LaTeX Font Info:    Overwriting math alphabet `\mathnormalbold' in version `bol
d'
(Font)                  T1/PTSerif-TLF/bx/it --> T1/PTSerif-TLF/bx/it on input 
line 1125.
LaTeX Font Info:    Overwriting symbol font `mtletterfont' in version `normal'
(Font)                  T1/PTSerif-TLF/m/it --> T1/PTSerif-TLF/m/it on input li
ne 1125.
LaTeX Font Info:    Overwriting symbol font `mtletterfont' in version `bold'
(Font)                  T1/PTSerif-TLF/m/it --> T1/PTSerif-TLF/bx/it on input l
ine 1125.
LaTeX Font Info:    Overwriting symbol font `mtoperatorfont' in version `normal
'
(Font)                  T1/PTSerif-TLF/m/n --> T1/PTSerif-TLF/m/n on input line
 1125.
LaTeX Font Info:    Overwriting symbol font `mtoperatorfont' in version `bold'
(Font)                  T1/PTSerif-TLF/m/n --> T1/PTSerif-TLF/bx/n on input lin
e 1125.
LaTeX Font Info:    Overwriting math alphabet `\Mathbf' in version `normal'
(Font)                  T1/PTSerif-TLF/bx/n --> T1/PTSerif-TLF/bx/n on input li
ne 1125.
LaTeX Font Info:    Overwriting math alphabet `\Mathbf' in version `bold'
(Font)                  T1/PTSerif-TLF/bx/n --> T1/PTSerif-TLF/bx/n on input li
ne 1125.
LaTeX Font Info:    Overwriting math alphabet `\Mathit' in version `normal'
(Font)                  T1/PTSerif-TLF/m/it --> T1/PTSerif-TLF/m/it on input li
ne 1125.
LaTeX Font Info:    Overwriting math alphabet `\Mathit' in version `bold'
(Font)                  T1/PTSerif-TLF/m/it --> T1/PTSerif-TLF/bx/it on input l
ine 1125.
LaTeX Font Info:    Overwriting math alphabet `\Mathsf' in version `normal'
(Font)                  T1/PTSans-TLF/m/n --> T1/PTSans-TLF/m/n on input line 1
125.
LaTeX Font Info:    Overwriting math alphabet `\Mathsf' in version `bold'
(Font)                  T1/PTSans-TLF/m/n --> T1/PTSans-TLF/bx/n on input line 
1125.
LaTeX Font Info:    Overwriting math alphabet `\Mathtt' in version `normal'
(Font)                  T1/PTMono-TLF/m/n --> T1/PTMono-TLF/m/n on input line 1
125.
LaTeX Font Info:    Overwriting math alphabet `\Mathtt' in version `bold'
(Font)                  T1/PTMono-TLF/m/n --> T1/PTMono-TLF/bx/n on input line 
1125.

** Latin letters in the normal (resp. bold) math versions are now
** set up to use the fonts T1/PTSerif-TLF/m(bx)/it
** Other characters (digits, ...) and \log-like names will be
** typeset with the n shape.
** \hbar
** \imath and \jmath 
** \HUGE has been (re)-defined.
** mathastext has declared larger sizes for subscripts.
** To keep LaTeX defaults, use option `defaultmathsizes'.
) (/usr/share/texlive/texmf-dist/tex/latex/titlesec/titlesec.sty
Package: titlesec 2016/03/21 v2.10.2 Sectioning titles
\ttl@box=\box31
\beforetitleunit=\skip52
\aftertitleunit=\skip53
\ttl@plus=\dimen148
\ttl@minus=\dimen149
\ttl@toksa=\toks26
\titlewidth=\dimen150
\titlewidthlast=\dimen151
\titlewidthfirst=\dimen152
)
(/usr/share/texlive/texmf-dist/tex/latex/footmisc/footmisc.sty
Package: footmisc 2011/06/06 v5.5b a miscellany of footnote facilities
\FN@temptoken=\toks27
\footnotemargin=\dimen153
\c@pp@next@reset=\count113
\c@@fnserial=\count114
Package footmisc Info: Declaring symbol style bringhurst on input line 855.
Package footmisc Info: Declaring symbol style chicago on input line 863.
Package footmisc Info: Declaring symbol style wiley on input line 872.
Package footmisc Info: Declaring symbol style lamport-robust on input line 883.

Package footmisc Info: Declaring symbol style lamport* on input line 903.
Package footmisc Info: Declaring symbol style lamport*-robust on input line 924
.
)
(/usr/share/texlive/texmf-dist/tex/latex/fancyhdr/fancyhdr.sty
Package: fancyhdr 2019/01/31 v3.10 Extensive control of page headers and footer
s
\f@nch@headwidth=\skip54
\f@nch@O@elh=\skip55
\f@nch@O@erh=\skip56
\f@nch@O@olh=\skip57
\f@nch@O@orh=\skip58
\f@nch@O@elf=\skip59
\f@nch@O@erf=\skip60
\f@nch@O@olf=\skip61
\f@nch@O@orf=\skip62
)
(/usr/share/texlive/texmf-dist/tex/latex/amsmath/amsmath.sty
Package: amsmath 2018/12/01 v2.17b AMS math features
\@mathmargin=\skip63

For additional information on amsmath, use the `?' option.
(/usr/share/texlive/texmf-dist/tex/latex/amsmath/amstext.sty
Package: amstext 2000/06/29 v2.01 AMS text

(/usr/share/texlive/texmf-dist/tex/latex/amsmath/amsgen.sty
File: amsgen.sty 1999/11/30 v2.0 generic functions
\@emptytoks=\toks28
\ex@=\dimen154
))
(/usr/share/texlive/texmf-dist/tex/latex/amsmath/amsbsy.sty
Package: amsbsy 1999/11/29 v1.2d Bold Symbols
\pmbraise@=\dimen155
)
(/usr/share/texlive/texmf-dist/tex/latex/amsmath/amsopn.sty
Package: amsopn 2016/03/08 v2.02 operator names
)
\inf@bad=\count115
LaTeX Info: Redefining \frac on input line 223.
\uproot@=\count116
\leftroot@=\count117
LaTeX Info: Redefining \overline on input line 385.
\classnum@=\count118
\DOTSCASE@=\count119
LaTeX Info: Redefining \ldots on input line 482.
LaTeX Info: Redefining \dots on input line 485.
LaTeX Info: Redefining \cdots on input line 606.
\Mathstrutbox@=\box32
\strutbox@=\box33
\big@size=\dimen156
LaTeX Font Info:    Redeclaring font encoding OML on input line 729.
LaTeX Font Info:    Redeclaring font encoding OMS on input line 730.
\macc@depth=\count120
\c@MaxMatrixCols=\count121
\dotsspace@=\muskip14
\c@parentequation=\count122
\dspbrk@lvl=\count123
\tag@help=\toks29
\row@=\count124
\column@=\count125
\maxfields@=\count126
\andhelp@=\toks30
\eqnshift@=\dimen157
\alignsep@=\dimen158
\tagshift@=\dimen159
\tagwidth@=\dimen160
\totwidth@=\dimen161
\lineht@=\dimen162
\@envbody=\toks31
\multlinegap=\skip64
\multlinetaggap=\skip65
\mathdisplay@stack=\toks32
LaTeX Info: Redefining \[ on input line 2844.
LaTeX Info: Redefining \] on input line 2845.
)
(/usr/share/texlive/texmf-dist/tex/latex/amsfonts/amssymb.sty
Package: amssymb 2013/01/14 v3.01 AMS font symbols

(/usr/share/texlive/texmf-dist/tex/latex/amsfonts/amsfonts.sty
Package: amsfonts 2013/01/14 v3.01 Basic AMSFonts support
\symAMSa=\mathgroup6
\symAMSb=\mathgroup7
LaTeX Font Info:    Overwriting math alphabet `\mathfrak' in version `bold'
(Font)                  U/euf/m/n --> U/euf/b/n on input line 106.
))
\c@teste=\count127
\c@propriedade=\count128

(/usr/share/texlive/texmf-dist/tex/latex/fancyvrb/fancyvrb.sty
Package: fancyvrb 2019/01/15

Style option: `fancyvrb' v3.2a <2019/01/15> (tvz)
\FV@CodeLineNo=\count129
\FV@InFile=\read1
\FV@TabBox=\box34
\c@FancyVerbLine=\count130
\FV@StepNumber=\count131
\FV@OutFile=\write3
)
(/usr/share/texlive/texmf-dist/tex/generic/xypic/xy.sty
(/usr/share/texlive/texmf-dist/tex/generic/xypic/xy.tex Bootstrap'ing:
catcodes, docmode, (/usr/share/texlive/texmf-dist/tex/generic/xypic/xyrecat.tex
) (/usr/share/texlive/texmf-dist/tex/generic/xypic/xyidioms.tex)

 Xy-pic version 3.8.9 <2013/10/06>
 Copyright (c) 1991-2013 by Kristoffer H. Rose <krisrose@tug.org> and others
 Xy-pic is free software: see the User's Guide for details.

Loading kernel: messages; fonts; allocations: state,
\X@c=\dimen163
\Y@c=\dimen164
\U@c=\dimen165
\D@c=\dimen166
\L@c=\dimen167
\R@c=\dimen168
\Edge@c=\toks33
\X@p=\dimen169
\Y@p=\dimen170
\U@p=\dimen171
\D@p=\dimen172
\L@p=\dimen173
\R@p=\dimen174
\Edge@p=\toks34
\X@origin=\dimen175
\Y@origin=\dimen176
\X@xbase=\dimen177
\Y@xbase=\dimen178
\X@ybase=\dimen179
\Y@ybase=\dimen180
\X@min=\dimen181
\Y@min=\dimen182
\X@max=\dimen183
\Y@max=\dimen184
\lastobjectbox@=\box35
\zerodotbox@=\box36
\almostz@=\dimen185
 direction,
\d@X=\dimen186
\d@Y=\dimen187
\K@=\count132
\KK@=\count133
\Direction=\count134
\K@dXdY=\dimen188
\K@dYdX=\dimen189
\xyread@=\read2
\xywrite@=\write4
\csp@=\count135
\quotPTK@=\dimen190

utility macros; pictures: \xy, positions,
\swaptoks@@=\toks35
\connectobjectbox@@=\box37
 objects,
\styletoks@=\toks36
 decorations;
kernel objects: directionals, circles, text; options; algorithms: directions,
edges, connections;  Xy-pic loaded)
Package: xy 2013/10/06 Xy-pic version 3.8.9

(/usr/share/texlive/texmf-dist/tex/generic/xypic/xyall.tex
 Xy-pic option: All features v.3.8
(/usr/share/texlive/texmf-dist/tex/generic/xypic/xycurve.tex
 Xy-pic option: Curve and Spline extension v.3.12 curve,
\crv@cnt@=\count136
\crvpts@=\toks37
\splinebox@=\box38
\splineval@=\dimen191
\splinedepth@=\dimen192
\splinetol@=\dimen193
\splinelength@=\dimen194
 circles,
\L@=\dimen195
 loaded)
(/usr/share/texlive/texmf-dist/tex/generic/xypic/xyframe.tex
 Xy-pic option: Frame and Bracket extension v.3.14 loaded)
(/usr/share/texlive/texmf-dist/tex/generic/xypic/xycmtip.tex
 Xy-pic option: Computer Modern tip extension v.3.7
(/usr/share/texlive/texmf-dist/tex/generic/xypic/xytips.tex
 Xy-pic option: More Tips extension v.3.11 loaded) loaded)
(/usr/share/texlive/texmf-dist/tex/generic/xypic/xyline.tex
 Xy-pic option: Line styles extension v.3.10
\xylinethick@=\dimen196
 loaded)
(/usr/share/texlive/texmf-dist/tex/generic/xypic/xyrotate.tex
 Xy-pic option: Rotate and Scale extension v.3.8 loaded)
(/usr/share/texlive/texmf-dist/tex/generic/xypic/xycolor.tex
 Xy-pic option: Colour extension v.3.11 loaded)
(/usr/share/texlive/texmf-dist/tex/generic/xypic/xymatrix.tex
 Xy-pic option: Matrix feature v.3.14
\Row=\count137
\Col=\count138
\queue@=\toks38
\queue@@=\toks39
\qcount@=\count139
\qcount@@=\count140
\matrixsize@=\count141
 loaded)
(/usr/share/texlive/texmf-dist/tex/generic/xypic/xyarrow.tex
 Xy-pic option: Arrow and Path feature v.3.9 path, \ar, loaded)
(/usr/share/texlive/texmf-dist/tex/generic/xypic/xygraph.tex
 Xy-pic option: Graph feature v.3.11 loaded) loaded)
(/usr/share/texlive/texmf-dist/tex/generic/xypic/xypdf.tex
 Xy-pic option: PDF driver v.1.7 Xy-pic pdf driver: `color' extension support
(/usr/share/texlive/texmf-dist/tex/generic/xypic/xypdf-co.tex loaded)
Xy-pic pdf driver: `curve' extension support
(/usr/share/texlive/texmf-dist/tex/generic/xypic/xypdf-cu.tex loaded)
Xy-pic pdf driver: `frame' extension support
(/usr/share/texlive/texmf-dist/tex/generic/xypic/xypdf-fr.tex loaded)
Xy-pic pdf driver: `line' extension support
(/usr/share/texlive/texmf-dist/tex/generic/xypic/xypdf-li.tex loaded)
Xy-pic pdf driver: `rotate' extension support
(/usr/share/texlive/texmf-dist/tex/generic/xypic/xypdf-ro.tex loaded) loaded))
(/usr/share/texlive/texmf-dist/tex/latex/graphics/color.sty
Package: color 2016/07/10 v1.1e Standard LaTeX Color (DPC)

(/usr/share/texlive/texmf-dist/tex/latex/graphics-cfg/color.cfg
File: color.cfg 2016/01/02 v1.6 sample color configuration
)
Package color Info: Driver file: pdftex.def on input line 147.
)
(/usr/share/texlive/texmf-dist/tex/latex/xcolor/xcolor.sty
Package: xcolor 2016/05/11 v2.12 LaTeX color extensions (UK)

(/usr/share/texlive/texmf-dist/tex/latex/graphics-cfg/color.cfg
File: color.cfg 2016/01/02 v1.6 sample color configuration
)
Package xcolor Info: Driver file: pdftex.def on input line 225.
LaTeX Info: Redefining \color on input line 709.
Package xcolor Info: Model `cmy' substituted by `cmy0' on input line 1348.
Package xcolor Info: Model `hsb' substituted by `rgb' on input line 1352.
Package xcolor Info: Model `RGB' extended on input line 1364.
Package xcolor Info: Model `HTML' substituted by `rgb' on input line 1366.
Package xcolor Info: Model `Hsb' substituted by `hsb' on input line 1367.
Package xcolor Info: Model `tHsb' substituted by `hsb' on input line 1368.
Package xcolor Info: Model `HSB' substituted by `hsb' on input line 1369.
Package xcolor Info: Model `Gray' substituted by `gray' on input line 1370.
Package xcolor Info: Model `wave' substituted by `hsb' on input line 1371.
)
Package hyperref Info: Option `colorlinks' set `true' on input line 101.

(/usr/share/texlive/texmf-dist/tex/latex/listings/listings.sty
\lst@mode=\count142
\lst@gtempboxa=\box39
\lst@token=\toks40
\lst@length=\count143
\lst@currlwidth=\dimen197
\lst@column=\count144
\lst@pos=\count145
\lst@lostspace=\dimen198
\lst@width=\dimen199
\lst@newlines=\count146
\lst@lineno=\count147
\lst@maxwidth=\dimen256

(/usr/share/texlive/texmf-dist/tex/latex/listings/lstmisc.sty
File: lstmisc.sty 2018/09/02 1.7 (Carsten Heinz)
\c@lstnumber=\count148
\lst@skipnumbers=\count149
\lst@framebox=\box40
)
(/usr/share/texlive/texmf-dist/tex/latex/listings/listings.cfg
File: listings.cfg 2018/09/02 1.7 listings configuration
))
Package: listings 2018/09/02 1.7 (Carsten Heinz)

(/usr/share/texlive/texmf-dist/tex/latex/pgf/frontendlayer/tikz.sty
(/usr/share/texlive/texmf-dist/tex/latex/pgf/basiclayer/pgf.sty
(/usr/share/texlive/texmf-dist/tex/latex/pgf/utilities/pgfrcs.sty
(/usr/share/texlive/texmf-dist/tex/generic/pgf/utilities/pgfutil-common.tex
\pgfutil@everybye=\toks41
\pgfutil@tempdima=\dimen257
\pgfutil@tempdimb=\dimen258

(/usr/share/texlive/texmf-dist/tex/generic/pgf/utilities/pgfutil-common-lists.t
ex)) (/usr/share/texlive/texmf-dist/tex/generic/pgf/utilities/pgfutil-latex.def
\pgfutil@abb=\box41
(/usr/share/texlive/texmf-dist/tex/latex/ms/everyshi.sty
Package: everyshi 2001/05/15 v3.00 EveryShipout Package (MS)
))
(/usr/share/texlive/texmf-dist/tex/generic/pgf/utilities/pgfrcs.code.tex
(/usr/share/texlive/texmf-dist/tex/generic/pgf/pgf.revision.tex)
Package: pgfrcs 2019/02/02 v3.1.1 (3.1.1)
))
Package: pgf 2019/02/02 v3.1.1 (3.1.1)

(/usr/share/texlive/texmf-dist/tex/latex/pgf/basiclayer/pgfcore.sty
(/usr/share/texlive/texmf-dist/tex/latex/pgf/systemlayer/pgfsys.sty
(/usr/share/texlive/texmf-dist/tex/generic/pgf/systemlayer/pgfsys.code.tex
Package: pgfsys 2019/02/02 v3.1.1 (3.1.1)

(/usr/share/texlive/texmf-dist/tex/generic/pgf/utilities/pgfkeys.code.tex
\pgfkeys@pathtoks=\toks42
\pgfkeys@temptoks=\toks43

(/usr/share/texlive/texmf-dist/tex/generic/pgf/utilities/pgfkeysfiltered.code.t
ex
\pgfkeys@tmptoks=\toks44
))
\pgf@x=\dimen259
\pgf@y=\dimen260
\pgf@xa=\dimen261
\pgf@ya=\dimen262
\pgf@xb=\dimen263
\pgf@yb=\dimen264
\pgf@xc=\dimen265
\pgf@yc=\dimen266
\w@pgf@writea=\write5
\r@pgf@reada=\read3
\c@pgf@counta=\count150
\c@pgf@countb=\count151
\c@pgf@countc=\count152
\c@pgf@countd=\count153
\t@pgf@toka=\toks45
\t@pgf@tokb=\toks46
\t@pgf@tokc=\toks47
\pgf@sys@id@count=\count154
 (/usr/share/texlive/texmf-dist/tex/generic/pgf/systemlayer/pgf.cfg
File: pgf.cfg 2019/02/02 v3.1.1 (3.1.1)
)
Driver file for pgf: pgfsys-pdftex.def

(/usr/share/texlive/texmf-dist/tex/generic/pgf/systemlayer/pgfsys-pdftex.def
File: pgfsys-pdftex.def 2019/02/02 v3.1.1 (3.1.1)

(/usr/share/texlive/texmf-dist/tex/generic/pgf/systemlayer/pgfsys-common-pdf.de
f
File: pgfsys-common-pdf.def 2019/02/02 v3.1.1 (3.1.1)
)))
(/usr/share/texlive/texmf-dist/tex/generic/pgf/systemlayer/pgfsyssoftpath.code.
tex
File: pgfsyssoftpath.code.tex 2019/02/02 v3.1.1 (3.1.1)
\pgfsyssoftpath@smallbuffer@items=\count155
\pgfsyssoftpath@bigbuffer@items=\count156
)
(/usr/share/texlive/texmf-dist/tex/generic/pgf/systemlayer/pgfsysprotocol.code.
tex
File: pgfsysprotocol.code.tex 2019/02/02 v3.1.1 (3.1.1)
))
(/usr/share/texlive/texmf-dist/tex/generic/pgf/basiclayer/pgfcore.code.tex
Package: pgfcore 2019/02/02 v3.1.1 (3.1.1)

(/usr/share/texlive/texmf-dist/tex/generic/pgf/math/pgfmath.code.tex
(/usr/share/texlive/texmf-dist/tex/generic/pgf/math/pgfmathcalc.code.tex
(/usr/share/texlive/texmf-dist/tex/generic/pgf/math/pgfmathutil.code.tex)
(/usr/share/texlive/texmf-dist/tex/generic/pgf/math/pgfmathparser.code.tex
\pgfmath@dimen=\dimen267
\pgfmath@count=\count157
\pgfmath@box=\box42
\pgfmath@toks=\toks48
\pgfmath@stack@operand=\toks49
\pgfmath@stack@operation=\toks50
)
(/usr/share/texlive/texmf-dist/tex/generic/pgf/math/pgfmathfunctions.code.tex
(/usr/share/texlive/texmf-dist/tex/generic/pgf/math/pgfmathfunctions.basic.code
.tex)
(/usr/share/texlive/texmf-dist/tex/generic/pgf/math/pgfmathfunctions.trigonomet
ric.code.tex)
(/usr/share/texlive/texmf-dist/tex/generic/pgf/math/pgfmathfunctions.random.cod
e.tex)
(/usr/share/texlive/texmf-dist/tex/generic/pgf/math/pgfmathfunctions.comparison
.code.tex)
(/usr/share/texlive/texmf-dist/tex/generic/pgf/math/pgfmathfunctions.base.code.
tex)
(/usr/share/texlive/texmf-dist/tex/generic/pgf/math/pgfmathfunctions.round.code
.tex)
(/usr/share/texlive/texmf-dist/tex/generic/pgf/math/pgfmathfunctions.misc.code.
tex)
(/usr/share/texlive/texmf-dist/tex/generic/pgf/math/pgfmathfunctions.integerari
thmetics.code.tex)))
(/usr/share/texlive/texmf-dist/tex/generic/pgf/math/pgfmathfloat.code.tex
\c@pgfmathroundto@lastzeros=\count158
))
(/usr/share/texlive/texmf-dist/tex/generic/pgf/basiclayer/pgfcorepoints.code.te
x
File: pgfcorepoints.code.tex 2019/02/02 v3.1.1 (3.1.1)
\pgf@picminx=\dimen268
\pgf@picmaxx=\dimen269
\pgf@picminy=\dimen270
\pgf@picmaxy=\dimen271
\pgf@pathminx=\dimen272
\pgf@pathmaxx=\dimen273
\pgf@pathminy=\dimen274
\pgf@pathmaxy=\dimen275
\pgf@xx=\dimen276
\pgf@xy=\dimen277
\pgf@yx=\dimen278
\pgf@yy=\dimen279
\pgf@zx=\dimen280
\pgf@zy=\dimen281
)
(/usr/share/texlive/texmf-dist/tex/generic/pgf/basiclayer/pgfcorepathconstruct.
code.tex
File: pgfcorepathconstruct.code.tex 2019/02/02 v3.1.1 (3.1.1)
\pgf@path@lastx=\dimen282
\pgf@path@lasty=\dimen283
)
(/usr/share/texlive/texmf-dist/tex/generic/pgf/basiclayer/pgfcorepathusage.code
.tex
File: pgfcorepathusage.code.tex 2019/02/02 v3.1.1 (3.1.1)
\pgf@shorten@end@additional=\dimen284
\pgf@shorten@start@additional=\dimen285
)
(/usr/share/texlive/texmf-dist/tex/generic/pgf/basiclayer/pgfcorescopes.code.te
x
File: pgfcorescopes.code.tex 2019/02/02 v3.1.1 (3.1.1)
\pgfpic=\box43
\pgf@hbox=\box44
\pgf@layerbox@main=\box45
\pgf@picture@serial@count=\count159
)
(/usr/share/texlive/texmf-dist/tex/generic/pgf/basiclayer/pgfcoregraphicstate.c
ode.tex
File: pgfcoregraphicstate.code.tex 2019/02/02 v3.1.1 (3.1.1)
\pgflinewidth=\dimen286
)
(/usr/share/texlive/texmf-dist/tex/generic/pgf/basiclayer/pgfcoretransformation
s.code.tex
File: pgfcoretransformations.code.tex 2019/02/02 v3.1.1 (3.1.1)
\pgf@pt@x=\dimen287
\pgf@pt@y=\dimen288
\pgf@pt@temp=\dimen289
)
(/usr/share/texlive/texmf-dist/tex/generic/pgf/basiclayer/pgfcorequick.code.tex
File: pgfcorequick.code.tex 2019/02/02 v3.1.1 (3.1.1)
)
(/usr/share/texlive/texmf-dist/tex/generic/pgf/basiclayer/pgfcoreobjects.code.t
ex
File: pgfcoreobjects.code.tex 2019/02/02 v3.1.1 (3.1.1)
)
(/usr/share/texlive/texmf-dist/tex/generic/pgf/basiclayer/pgfcorepathprocessing
.code.tex
File: pgfcorepathprocessing.code.tex 2019/02/02 v3.1.1 (3.1.1)
)
(/usr/share/texlive/texmf-dist/tex/generic/pgf/basiclayer/pgfcorearrows.code.te
x
File: pgfcorearrows.code.tex 2019/02/02 v3.1.1 (3.1.1)
\pgfarrowsep=\dimen290
)
(/usr/share/texlive/texmf-dist/tex/generic/pgf/basiclayer/pgfcoreshade.code.tex
File: pgfcoreshade.code.tex 2019/02/02 v3.1.1 (3.1.1)
\pgf@max=\dimen291
\pgf@sys@shading@range@num=\count160
)
(/usr/share/texlive/texmf-dist/tex/generic/pgf/basiclayer/pgfcoreimage.code.tex
File: pgfcoreimage.code.tex 2019/02/02 v3.1.1 (3.1.1)

(/usr/share/texlive/texmf-dist/tex/generic/pgf/basiclayer/pgfcoreexternal.code.
tex
File: pgfcoreexternal.code.tex 2019/02/02 v3.1.1 (3.1.1)
\pgfexternal@startupbox=\box46
))
(/usr/share/texlive/texmf-dist/tex/generic/pgf/basiclayer/pgfcorelayers.code.te
x
File: pgfcorelayers.code.tex 2019/02/02 v3.1.1 (3.1.1)
)
(/usr/share/texlive/texmf-dist/tex/generic/pgf/basiclayer/pgfcoretransparency.c
ode.tex
File: pgfcoretransparency.code.tex 2019/02/02 v3.1.1 (3.1.1)
)
(/usr/share/texlive/texmf-dist/tex/generic/pgf/basiclayer/pgfcorepatterns.code.
tex
File: pgfcorepatterns.code.tex 2019/02/02 v3.1.1 (3.1.1)
)
(/usr/share/texlive/texmf-dist/tex/generic/pgf/basiclayer/pgfcorerdf.code.tex
File: pgfcorerdf.code.tex 2019/02/02 v3.1.1 (3.1.1)
)))
(/usr/share/texlive/texmf-dist/tex/generic/pgf/modules/pgfmoduleshapes.code.tex
File: pgfmoduleshapes.code.tex 2019/02/02 v3.1.1 (3.1.1)
\pgfnodeparttextbox=\box47
) (/usr/share/texlive/texmf-dist/tex/generic/pgf/modules/pgfmoduleplot.code.tex
File: pgfmoduleplot.code.tex 2019/02/02 v3.1.1 (3.1.1)
)
(/usr/share/texlive/texmf-dist/tex/latex/pgf/compatibility/pgfcomp-version-0-65
.sty
Package: pgfcomp-version-0-65 2019/02/02 v3.1.1 (3.1.1)
\pgf@nodesepstart=\dimen292
\pgf@nodesepend=\dimen293
)
(/usr/share/texlive/texmf-dist/tex/latex/pgf/compatibility/pgfcomp-version-1-18
.sty
Package: pgfcomp-version-1-18 2019/02/02 v3.1.1 (3.1.1)
)) (/usr/share/texlive/texmf-dist/tex/latex/pgf/utilities/pgffor.sty
(/usr/share/texlive/texmf-dist/tex/latex/pgf/utilities/pgfkeys.sty
(/usr/share/texlive/texmf-dist/tex/generic/pgf/utilities/pgfkeys.code.tex))
(/usr/share/texlive/texmf-dist/tex/latex/pgf/math/pgfmath.sty
(/usr/share/texlive/texmf-dist/tex/generic/pgf/math/pgfmath.code.tex))
(/usr/share/texlive/texmf-dist/tex/generic/pgf/utilities/pgffor.code.tex
Package: pgffor 2019/02/02 v3.1.1 (3.1.1)

(/usr/share/texlive/texmf-dist/tex/generic/pgf/math/pgfmath.code.tex)
\pgffor@iter=\dimen294
\pgffor@skip=\dimen295
\pgffor@stack=\toks51
\pgffor@toks=\toks52
))
(/usr/share/texlive/texmf-dist/tex/generic/pgf/frontendlayer/tikz/tikz.code.tex
Package: tikz 2019/02/02 v3.1.1 (3.1.1)

(/usr/share/texlive/texmf-dist/tex/generic/pgf/libraries/pgflibraryplothandlers
.code.tex
File: pgflibraryplothandlers.code.tex 2019/02/02 v3.1.1 (3.1.1)
\pgf@plot@mark@count=\count161
\pgfplotmarksize=\dimen296
)
\tikz@lastx=\dimen297
\tikz@lasty=\dimen298
\tikz@lastxsaved=\dimen299
\tikz@lastysaved=\dimen300
\tikzleveldistance=\dimen301
\tikzsiblingdistance=\dimen302
\tikz@figbox=\box48
\tikz@figbox@bg=\box49
\tikz@tempbox=\box50
\tikz@tempbox@bg=\box51
\tikztreelevel=\count162
\tikznumberofchildren=\count163
\tikznumberofcurrentchild=\count164
\tikz@fig@count=\count165

(/usr/share/texlive/texmf-dist/tex/generic/pgf/modules/pgfmodulematrix.code.tex
File: pgfmodulematrix.code.tex 2019/02/02 v3.1.1 (3.1.1)
\pgfmatrixcurrentrow=\count166
\pgfmatrixcurrentcolumn=\count167
\pgf@matrix@numberofcolumns=\count168
)
\tikz@expandcount=\count169

(/usr/share/texlive/texmf-dist/tex/generic/pgf/frontendlayer/tikz/libraries/tik
zlibrarytopaths.code.tex
File: tikzlibrarytopaths.code.tex 2019/02/02 v3.1.1 (3.1.1)
)))
(/usr/share/texlive/texmf-dist/tex/latex/circuitikz/circuitikz.sty
Package: circuitikz 2017/05/28{} The CircuiTikz circuit drawing package version
 0.8.3

(/usr/share/texlive/texmf-dist/tex/generic/pgf/frontendlayer/tikz/libraries/tik
zlibrarycalc.code.tex
File: tikzlibrarycalc.code.tex 2019/02/02 v3.1.1 (3.1.1)
)
(/usr/share/texlive/texmf-dist/tex/generic/pgf/libraries/pgflibraryarrows.code.
tex
File: pgflibraryarrows.code.tex 2019/02/02 v3.1.1 (3.1.1)
\arrowsize=\dimen303
) (/usr/share/texlive/texmf-dist/tex/generic/circuitikz/pgfcirc.defines.tex
\pgf@circ@res@up=\dimen304
\pgf@circ@res@down=\dimen305
\pgf@circ@res@zero=\dimen306
\pgf@circ@res@left=\dimen307
\pgf@circ@res@right=\dimen308
\pgf@circ@res@other=\dimen309
\pgf@circ@res@step=\dimen310
\pgf@circ@res@temp=\dimen311
\pgfstartlinewidth=\dimen312
\pgf@circ@Rlen=\dimen313
) (/usr/share/texlive/texmf-dist/tex/generic/circuitikz/pgfcircutils.tex)
(/usr/share/texlive/texmf-dist/tex/generic/circuitikz/pgfcircshapes.tex)
(/usr/share/texlive/texmf-dist/tex/generic/circuitikz/pgfcircmonopoles.tex)
(/usr/share/texlive/texmf-dist/tex/generic/circuitikz/pgfcircbipoles.tex)
(/usr/share/texlive/texmf-dist/tex/generic/circuitikz/pgfcirctripoles.tex)
(/usr/share/texlive/texmf-dist/tex/generic/circuitikz/pgfcircquadpoles.tex)
(/usr/share/texlive/texmf-dist/tex/generic/circuitikz/pgfcirclabel.tex)
(/usr/share/texlive/texmf-dist/tex/generic/circuitikz/pgfcircvoltage.tex)
(/usr/share/texlive/texmf-dist/tex/generic/circuitikz/pgfcirccurrent.tex)
(/usr/share/texlive/texmf-dist/tex/generic/circuitikz/pgfcircflow.tex)
(/usr/share/texlive/texmf-dist/tex/generic/circuitikz/pgfcircpath.tex))
(/usr/share/texlive/texmf-dist/tex/latex/base/makeidx.sty
Package: makeidx 2014/09/29 v1.0m Standard LaTeX package
)
\pn=\count170
)
\@indexfile=\write6
\openout6 = `cp2425t.idx'.


Writing index file cp2425t.idx
(/usr/share/texlive/texmf-dist/tex/latex/stmaryrd/stmaryrd.sty
Package: stmaryrd 1994/03/03 St Mary's Road symbol package
\symstmry=\mathgroup8
LaTeX Font Info:    Overwriting symbol font `stmry' in version `bold'
(Font)                  U/stmry/m/n --> U/stmry/b/n on input line 89.
)
(/usr/share/texmf/tex/latex/polytable/polytable.sty
Package: polytable 2013/07/18 v0.8.5 `polytable' package (Andres Loeh)

(/usr/share/texmf/tex/latex/polytable/lazylist.sty)
\PT@colwidth=\dimen314
\PT@cols=\count171
\PT@table=\count172
\PT@toks=\toks53
\PT@in=\read4
\PT@out=\write7
)
\blanklineskip=\skip66
 (./cp2425t.aux)
\openout1 = `cp2425t.aux'.

LaTeX Font Info:    Checking defaults for OML/cmm/m/it on input line 279.
LaTeX Font Info:    ... okay on input line 279.
LaTeX Font Info:    Checking defaults for T1/cmr/m/n on input line 279.
LaTeX Font Info:    ... okay on input line 279.
LaTeX Font Info:    Checking defaults for OT1/cmr/m/n on input line 279.
LaTeX Font Info:    ... okay on input line 279.
LaTeX Font Info:    Checking defaults for OMS/cmsy/m/n on input line 279.
LaTeX Font Info:    ... okay on input line 279.
LaTeX Font Info:    Checking defaults for OMX/cmex/m/n on input line 279.
LaTeX Font Info:    ... okay on input line 279.
LaTeX Font Info:    Checking defaults for U/cmr/m/n on input line 279.
LaTeX Font Info:    ... okay on input line 279.
LaTeX Font Info:    Checking defaults for PD1/pdf/m/n on input line 279.
LaTeX Font Info:    ... okay on input line 279.
LaTeX Font Info:    Try loading font information for T1+PTSerif-TLF on input li
ne 279.

(/usr/share/texlive/texmf-dist/tex/latex/paratype/T1PTSerif-TLF.fd
File: T1PTSerif-TLF.fd 2014/02/02 Font definitions for T1/PTSerif-TLF.
)
\AtBeginShipoutBox=\box52
Package hyperref Info: Link coloring ON on input line 279.

(/usr/share/texlive/texmf-dist/tex/latex/hyperref/nameref.sty
Package: nameref 2016/05/21 v2.44 Cross-referencing by name of section

(/usr/share/texlive/texmf-dist/tex/generic/oberdiek/gettitlestring.sty
Package: gettitlestring 2016/05/16 v1.5 Cleanup title references (HO)
)
\c@section@level=\count173
)
LaTeX Info: Redefining \ref on input line 279.
LaTeX Info: Redefining \pageref on input line 279.
LaTeX Info: Redefining \nameref on input line 279.

(./cp2425t.out) (./cp2425t.out)
\@outlinefile=\write8
\openout8 = `cp2425t.out'.


(/usr/share/texlive/texmf-dist/tex/context/base/mkii/supp-pdf.mkii
[Loading MPS to PDF converter (version 2006.09.02).]
\scratchcounter=\count174
\scratchdimen=\dimen315
\scratchbox=\box53
\nofMPsegments=\count175
\nofMParguments=\count176
\everyMPshowfont=\toks54
\MPscratchCnt=\count177
\MPscratchDim=\dimen316
\MPnumerator=\count178
\makeMPintoPDFobject=\count179
\everyMPtoPDFconversion=\toks55
) (/usr/share/texlive/texmf-dist/tex/latex/oberdiek/epstopdf-base.sty
Package: epstopdf-base 2016/05/15 v2.6 Base part for package epstopdf

(/usr/share/texlive/texmf-dist/tex/latex/oberdiek/grfext.sty
Package: grfext 2016/05/16 v1.2 Manage graphics extensions (HO)
)
Package epstopdf-base Info: Redefining graphics rule for `.eps' on input line 4
38.
Package grfext Info: Graphics extension search list:
(grfext)             [.pdf,.png,.jpg,.mps,.jpeg,.jbig2,.jb2,.PDF,.PNG,.JPG,.JPE
G,.JBIG2,.JB2,.eps]
(grfext)             \AppendGraphicsExtensions on input line 456.

(/usr/share/texlive/texmf-dist/tex/latex/latexconfig/epstopdf-sys.cfg
File: epstopdf-sys.cfg 2010/07/13 v1.3 Configuration of (r)epstopdf for TeX Liv
e
))
Package caption Info: Begin \AtBeginDocument code.
Package caption Info: listings package is loaded.
Package caption Info: End \AtBeginDocument code.

*geometry* driver: auto-detecting
*geometry* detected driver: pdftex
*geometry* verbose mode - [ preamble ] result:
* driver: pdftex
* paper: a4paper
* layout: <same size as paper>
* layoutoffset:(h,v)=(0.0pt,0.0pt)
* modes: 
* h-part:(L,W,R)=(199.16928pt, 341.43309pt, 56.9055pt)
* v-part:(T,H,B)=(0.0pt, 816.5941pt, 28.45274pt)
* \paperwidth=597.50787pt
* \paperheight=845.04684pt
* \textwidth=341.43309pt
* \textheight=816.5941pt
* \oddsidemargin=126.89929pt
* \evensidemargin=126.89929pt
* \topmargin=-109.26999pt
* \headheight=12.0pt
* \headsep=25.0pt
* \topskip=11.0pt
* \footskip=30.0pt
* \marginparwidth=50.0pt
* \marginparsep=10.0pt
* \columnsep=10.0pt
* \skip\footins=10.0pt plus 4.0pt minus 2.0pt
* \hoffset=0.0pt
* \voffset=0.0pt
* \mag=1000
* \@twocolumnfalse
* \@twosidefalse
* \@mparswitchfalse
* \@reversemarginfalse
* (1in=72.27pt=25.4mm, 1cm=28.453pt)

LaTeX Font Info:    Try loading font information for U+msa on input line 279.
(/usr/share/texlive/texmf-dist/tex/latex/amsfonts/umsa.fd
File: umsa.fd 2013/01/14 v3.01 AMS symbols A
)
LaTeX Font Info:    Try loading font information for U+msb on input line 279.

(/usr/share/texlive/texmf-dist/tex/latex/amsfonts/umsb.fd
File: umsb.fd 2013/01/14 v3.01 AMS symbols B
)
LaTeX Font Info:    Try loading font information for U+stmry on input line 279.


(/usr/share/texlive/texmf-dist/tex/latex/stmaryrd/Ustmry.fd)
Package xypdf Info: Line width: 0.43799pt on input line 279.
\c@lstlisting=\count180

ABD: EveryShipout initializing macros
LaTeX Font Info:    Try loading font information for T1+PTSans-TLF on input lin
e 281.

(/usr/share/texlive/texmf-dist/tex/latex/paratype/T1PTSans-TLF.fd
File: T1PTSans-TLF.fd 2011/05/04 (autoinst with patch) Font definitions for T1/
PTSans-TLF.
) (./Cover.tex
<cp2425t_media/UM.jpg, id=35, 1084.05pt x 1084.05pt>
File: cp2425t_media/UM.jpg Graphic file (type jpg)
<use cp2425t_media/UM.jpg>
Package pdftex.def Info: cp2425t_media/UM.jpg  used on input line 2.
(pdftex.def)             Requested size: 73.97716pt x 73.97246pt.
<cp2425t_media/EE.jpg, id=36, 1084.05pt x 1084.05pt>
File: cp2425t_media/EE.jpg Graphic file (type jpg)
<use cp2425t_media/EE.jpg>
Package pdftex.def Info: cp2425t_media/EE.jpg  used on input line 2.
(pdftex.def)             Requested size: 73.97716pt x 73.97246pt.
LaTeX Font Info:    Font shape `T1/PTSans-TLF/bx/n' in size <14.4> not availabl
e
(Font)              Font shape `T1/PTSans-TLF/b/n' tried instead on input line 
7.

LaTeX Font Warning: Font shape `T1/PTSans-TLF/l/n' undefined
(Font)              using `T1/PTSans-TLF/m/n' instead on input line 9.

LaTeX Font Info:    Font shape `T1/PTSans-TLF/bx/n' in size <20.74> not availab
le
(Font)              Font shape `T1/PTSans-TLF/b/n' tried instead on input line 
16.

Underfull \hbox (badness 10000) in paragraph at lines 16--24

 []


Underfull \hbox (badness 10000) in paragraph at lines 35--37

 []

[1

{/var/lib/texmf/fonts/map/pdftex/updmap/pdftex.map} <./cp2425t_media/UM.jpg> <.
/cp2425t_media/EE.jpg>])
*geometry* verbose mode - [ newgeometry ] result:
* driver: pdftex
* paper: a4paper
* layout: <same size as paper>
* layoutoffset:(h,v)=(0.0pt,0.0pt)
* modes: 
* h-part:(L,W,R)=(71.13188pt, 469.47049pt, 56.9055pt)
* v-part:(T,H,B)=(71.13188pt, 702.78308pt, 71.13188pt)
* \paperwidth=597.50787pt
* \paperheight=845.04684pt
* \textwidth=469.47049pt
* \textheight=702.78308pt
* \oddsidemargin=-1.1381pt
* \evensidemargin=-1.1381pt
* \topmargin=-38.1381pt
* \headheight=12.0pt
* \headsep=25.0pt
* \topskip=11.0pt
* \footskip=30.0pt
* \marginparwidth=50.0pt
* \marginparsep=10.0pt
* \columnsep=10.0pt
* \skip\footins=10.0pt plus 4.0pt minus 2.0pt
* \hoffset=0.0pt
* \voffset=0.0pt
* \mag=1000
* \@twocolumnfalse
* \@twosidefalse
* \@mparswitchfalse
* \@reversemarginfalse
* (1in=72.27pt=25.4mm, 1cm=28.453pt)

LaTeX Font Info:    Font shape `T1/PTSans-TLF/bx/n' in size <17.28> not availab
le
(Font)              Font shape `T1/PTSans-TLF/b/n' tried instead on input line 
290.
\openout7 = `cp2425t.ptb'.

<cp2425t_media/histogram.jpg, id=48, 1101.11375pt x 895.345pt>
File: cp2425t_media/histogram.jpg Graphic file (type jpg)
<use cp2425t_media/histogram.jpg>
Package pdftex.def Info: cp2425t_media/histogram.jpg  used on input line 328.
(pdftex.def)             Requested size: 187.78532pt x 152.6848pt.
\openout7 = `cp2425t.ptb'.

LaTeX Font Info:    Font shape `T1/PTSans-TLF/bx/n' in size <10.95> not availab
le
(Font)              Font shape `T1/PTSans-TLF/b/n' tried instead on input line 
341.

Overfull \hbox (128.0374pt too wide) has occurred while \output is active
 [][]| 
 []

pdfTeX warning (ext4): destination with the same identifier (name{page.1}) has 
been already used, duplicate ignored
<to be read again> 
                   \relax 
l.348 \begin{tabbing}
                     \ttfamily [1

 <./cp2425t_media/histogram.jpg>]
LaTeX Font Info:    Try loading font information for T1+PTMono-TLF on input lin
e 348.

(/usr/share/texlive/texmf-dist/tex/latex/paratype/T1PTMono-TLF.fd
File: T1PTMono-TLF.fd 2014/02/02 Font definitions for T1/PTMono-TLF.
)
\openout7 = `cp2425t.ptb'.

<cp2425t_media/primes.png, id=59, 552.0625pt x 538.01pt>
File: cp2425t_media/primes.png Graphic file (type png)
<use cp2425t_media/primes.png>
Package pdftex.def Info: cp2425t_media/primes.png  used on input line 374.
(pdftex.def)             Requested size: 187.78532pt x 183.00307pt.
\openout7 = `cp2425t.ptb'.


Overfull \hbox (128.0374pt too wide) has occurred while \output is active
 [][]| 
 []

[2 <./cp2425t_media/primes.png>]
Overfull \hbox (128.0374pt too wide) has occurred while \output is active
 [][]| 
 []

[3]
<cp2425t_media/lhs.jpg, id=82, 1557.82pt x 967.615pt>
File: cp2425t_media/lhs.jpg Graphic file (type jpg)
<use cp2425t_media/lhs.jpg>
Package pdftex.def Info: cp2425t_media/lhs.jpg  used on input line 441.
(pdftex.def)             Requested size: 187.78532pt x 116.62555pt.

Overfull \hbox (128.0374pt too wide) has occurred while \output is active
 [][]| 
 []

[4 <./cp2425t_media/lhs.jpg>]
Overfull \hbox (128.0374pt too wide) has occurred while \output is active
 [][]| 
 []

[5] <xymatrix 2x2 191>
\openout7 = `cp2425t.ptb'.

\openout7 = `cp2425t.ptb'.

\openout7 = `cp2425t.ptb'.


Overfull \hbox (128.0374pt too wide) has occurred while \output is active
 [][]| 
 []

[6]
\openout7 = `cp2425t.ptb'.

 (./cp2425t.ind
Overfull \hbox (128.0374pt too wide) has occurred while \output is active
 [][]| 
 []

[7] [8


]) (./cp2425t.bbl

LaTeX Font Warning: Font shape `T1/PTSans-TLF/m/sc' undefined
(Font)              using `T1/PTSans-TLF/m/n' instead on input line 14.

)
Overfull \hbox (128.0374pt too wide) has occurred while \output is active
 [][]| 
 []

[9

]
Package atveryend Info: Empty hook `BeforeClearDocument' on input line 611.
Package atveryend Info: Empty hook `AfterLastShipout' on input line 611.
 (./cp2425t.aux)
Package atveryend Info: Executing hook `AtVeryEndDocument' on input line 611.
Package atveryend Info: Executing hook `AtEndAfterFileList' on input line 611.
Package rerunfilecheck Info: File `cp2425t.out' has not changed.
(rerunfilecheck)             Checksum: 55A5C2D2FDE2FE57221F83C2B3CDB903;445.


LaTeX Font Warning: Some font shapes were not available, defaults substituted.

Package atveryend Info: Empty hook `AtVeryVeryEnd' on input line 611.
 ) 
Here is how much of TeX's memory you used:
 32594 strings out of 494485
 646226 string characters out of 6175792
 863729 words of memory out of 5000000
 35650 multiletter control sequences out of 15000+600000
 203120 words of font info for 115 fonts, out of 8000000 for 9000
 59 hyphenation exceptions out of 8191
 62i,19n,50p,3281b,697s stack positions out of 5000i,500n,10000p,200000b,80000s
pdfTeX warning (dest): name{Hfootnote.4} has been referenced but does not exi
st, replaced by a fixed one

pdfTeX warning (dest): name{Hfootnote.3} has been referenced but does not exist
, replaced by a fixed one

pdfTeX warning (dest): name{Hfootnote.2} has been referenced but does not exist
, replaced by a fixed one

pdfTeX warning (dest): name{Hfootnote.1} has been referenced but does not exist
, replaced by a fixed one

{/usr/share/texlive/texmf-dist/fonts/enc/dvips/paratype/ptmono_t1.enc}{/usr/sha
re/texlive/texmf-dist/fonts/enc/dvips/paratype/ptserif_t1.enc}{/usr/share/texli
ve/texmf-dist/fonts/enc/dvips/paratype/ptsans_t1.enc}</usr/share/texlive/texmf-
dist/fonts/type1/paratype/ptserif/PTF55F.pfb></usr/share/texlive/texmf-dist/fon
ts/type1/paratype/ptserif/PTF56F.pfb></usr/share/texlive/texmf-dist/fonts/type1
/paratype/ptmono/PTM55F.pfb></usr/share/texlive/texmf-dist/fonts/type1/paratype
/ptsans/PTS55F.pfb></usr/share/texlive/texmf-dist/fonts/type1/paratype/ptsans/P
TS56F.pfb></usr/share/texlive/texmf-dist/fonts/type1/paratype/ptsans/PTS75F.pfb
></usr/share/texlive/texmf-dist/fonts/type1/public/amsfonts/cm/cmex10.pfb></usr
/share/texlive/texmf-dist/fonts/type1/public/amsfonts/cm/cmmi10.pfb></usr/share
/texlive/texmf-dist/fonts/type1/public/amsfonts/cm/cmr10.pfb></usr/share/texliv
e/texmf-dist/fonts/type1/public/amsfonts/cm/cmr9.pfb></usr/share/texlive/texmf-
dist/fonts/type1/public/amsfonts/cm/cmsy10.pfb></usr/share/texlive/texmf-dist/f
onts/type1/public/amsfonts/symbols/msam10.pfb></usr/share/texlive/texmf-dist/fo
nts/type1/public/amsfonts/symbols/msbm10.pfb></usr/share/texlive/texmf-dist/fon
ts/type1/public/stmaryrd/stmary9.pfb></usr/share/texlive/texmf-dist/fonts/type1
/public/xypic/xyatip10.pfb></usr/share/texlive/texmf-dist/fonts/type1/public/xy
pic/xybtip10.pfb>
Output written on cp2425t.pdf (10 pages, 518480 bytes).
PDF statistics:
 244 PDF objects out of 1000 (max. 8388607)
 207 compressed objects within 3 object streams
 24 named destinations out of 1000 (max. 500000)
 94 words of extra memory for PDF output out of 10000 (max. 10000000)

